c:\users\danap\onedrive\desktop\facultate\an iii\pg\myproject\myproject\x64\release\vc143.pdb
c:\users\danap\onedrive\desktop\facultate\an iii\pg\myproject\myproject\x64\release\window.obj
c:\users\danap\onedrive\desktop\facultate\an iii\pg\myproject\myproject\x64\release\tiny_obj_loader.obj
c:\users\danap\onedrive\desktop\facultate\an iii\pg\myproject\myproject\x64\release\stb_image.obj
c:\users\danap\onedrive\desktop\facultate\an iii\pg\myproject\myproject\x64\release\skybox.obj
c:\users\danap\onedrive\desktop\facultate\an iii\pg\myproject\myproject\x64\release\shader.obj
c:\users\danap\onedrive\desktop\facultate\an iii\pg\myproject\myproject\x64\release\model3d.obj
c:\users\danap\onedrive\desktop\facultate\an iii\pg\myproject\myproject\x64\release\mesh.obj
c:\users\danap\onedrive\desktop\facultate\an iii\pg\myproject\myproject\x64\release\main.obj
c:\users\danap\onedrive\desktop\facultate\an iii\pg\myproject\myproject\x64\release\camera.obj
c:\users\danap\onedrive\desktop\facultate\an iii\pg\myproject\x64\release\myproject.exe
c:\users\danap\onedrive\desktop\facultate\an iii\pg\myproject\myproject\x64\release\myproject.ipdb
c:\users\danap\onedrive\desktop\facultate\an iii\pg\myproject\x64\release\myproject.pdb
c:\users\danap\onedrive\desktop\facultate\an iii\pg\myproject\myproject\x64\release\myproject.iobj
c:\users\danap\onedrive\desktop\facultate\an iii\pg\myproject\myproject\x64\release\myproject.tlog\cl.command.1.tlog
c:\users\danap\onedrive\desktop\facultate\an iii\pg\myproject\myproject\x64\release\myproject.tlog\cl.read.1.tlog
c:\users\danap\onedrive\desktop\facultate\an iii\pg\myproject\myproject\x64\release\myproject.tlog\cl.write.1.tlog
c:\users\danap\onedrive\desktop\facultate\an iii\pg\myproject\myproject\x64\release\myproject.tlog\link.command.1.tlog
c:\users\danap\onedrive\desktop\facultate\an iii\pg\myproject\myproject\x64\release\myproject.tlog\link.read.1.tlog
c:\users\danap\onedrive\desktop\facultate\an iii\pg\myproject\myproject\x64\release\myproject.tlog\link.write.1.tlog
